<?xml version="1.0" encoding="UTF-8"?>
<testng-results ignored="0" total="1" passed="1" failed="0" skipped="0">
  <reporter-output>
  </reporter-output>
  <suite started-at="2023-04-11T12:25:08 IST" name="Default suite" finished-at="2023-04-11T12:25:08 IST" duration-ms="42">
    <groups>
    </groups>
    <test started-at="2023-04-11T12:25:08 IST" name="Default test" finished-at="2023-04-11T12:25:08 IST" duration-ms="42">
      <class name="vtiger.Practice.ReadDataFromcmdLine">
        <test-method signature="test()[pri:0, instance:vtiger.Practice.ReadDataFromcmdLine@7722c3c3]" started-at="2023-04-11T12:25:08 IST" name="test" finished-at="2023-04-11T12:25:08 IST" duration-ms="9" status="PASS">
          <reporter-output>
          </reporter-output>
        </test-method> <!-- test -->
      </class> <!-- vtiger.Practice.ReadDataFromcmdLine -->
    </test> <!-- Default test -->
  </suite> <!-- Default suite -->
</testng-results>
